<?xml version="1.0" encoding="utf-8"?><testsuites name="pytest tests"><testsuite name="pytest" errors="0" failures="0" skipped="0" tests="25" time="5.526" timestamp="2026-09-10T05:06:04.910525+00:00" hostname="agent-env-c799b1db-d30d-4e64-a723-9b506a353d6a"><testcase classname="tests.test_iteration_2.TestAuth" name="test_login_success" time="0.468" /><testcase classname="tests.test_iteration_2.TestAuth" name="test_login_wrong_password" time="0.287" /><testcase classname="tests.test_iteration_2.TestAuth" name="test_me_with_bearer" time="0.075" /><testcase classname="tests.test_iteration_2.TestAuth" name="test_me_without_auth" time="0.189" /><testcase classname="tests.test_iteration_2.TestAuth" name="test_refresh" time="0.065" /><testcase classname="tests.test_iteration_2.TestAuth" name="test_bruteforce_lockout" time="0.369" /><testcase classname="tests.test_iteration_2.TestGating" name="test_all_gated_endpoints_reject_anon" time="0.567" /><testcase classname="tests.test_iteration_2.TestGating" name="test_public_endpoints_open" time="0.357" /><testcase classname="tests.test_iteration_2.TestGating" name="test_cycle_run_with_auth" time="0.076" /><testcase classname="tests.test_iteration_2.TestGating" name="test_config_put_with_auth" time="0.069" /><testcase classname="tests.test_iteration_2.TestGating" name="test_fastforward_with_auth" time="0.161" /><testcase classname="tests.test_iteration_2.TestGating" name="test_inject_convert_with_auth" time="0.194" /><testcase classname="tests.test_iteration_2.TestGating" name="test_withdrawal_with_auth" time="0.062" /><testcase classname="tests.test_iteration_2.TestGating" name="test_approve_pending" time="0.141" /><testcase classname="tests.test_iteration_2.TestSolVerify" name="test_outbound_signature_rejected" time="0.578" /><testcase classname="tests.test_iteration_2.TestSolVerify" name="test_fake_signature_not_found" time="0.559" /><testcase classname="tests.test_iteration_2.TestSolVerify" name="test_payments_solana_missing_signature" time="0.057" /><testcase classname="tests.test_iteration_2.TestSolVerify" name="test_payments_solana_outbound_rejected" time="0.536" /><testcase classname="tests.test_iteration_2.TestSolVerify" name="test_card_payment_succeeds" time="0.063" /><testcase classname="tests.test_iteration_2.TestCSV" name="test_ledger_csv" time="0.061" /><testcase classname="tests.test_iteration_2.TestCSV" name="test_ledger_csv_filtered" time="0.060" /><testcase classname="tests.test_iteration_2.TestAlerts" name="test_alerts_status_unconfigured" time="0.059" /><testcase classname="tests.test_iteration_2.TestAlerts" name="test_alerts_test_requires_config" time="0.061" /><testcase classname="tests.test_iteration_2.TestAlerts" name="test_fastforward_generates_alert_entry" time="0.200" /><testcase classname="tests.test_iteration_2" name="test_zzz_restore" time="0.126" /></testsuite></testsuites>