<?xml version="1.0" encoding="utf-8"?><testsuites name="pytest tests"><testsuite name="pytest" errors="0" failures="0" skipped="0" tests="26" time="6.015" timestamp="2026-09-10T07:24:49.178186+00:00" hostname="agent-env-c799b1db-d30d-4e64-a723-9b506a353d6a"><testcase classname="tests.test_iteration_4" name="test_auth_me" time="0.582" /><testcase classname="tests.test_iteration_4" name="test_vault" time="0.609" /><testcase classname="tests.test_iteration_4" name="test_state_purged" time="0.080" /><testcase classname="tests.test_iteration_4" name="test_flywheel_status" time="0.069" /><testcase classname="tests.test_iteration_4" name="test_flywheel_ledger" time="0.132" /><testcase classname="tests.test_iteration_4" name="test_removed_endpoints" time="0.135" /><testcase classname="tests.test_iteration_4" name="test_treasury_activity" time="0.081" /><testcase classname="tests.test_iteration_4" name="test_treasury_sync_requires_auth" time="0.552" /><testcase classname="tests.test_iteration_4" name="test_payment_quote" time="0.070" /><testcase classname="tests.test_iteration_4" name="test_payment_missing_signature" time="0.068" /><testcase classname="tests.test_iteration_4" name="test_payment_garbage_signature" time="0.067" /><testcase classname="tests.test_iteration_4" name="test_verify_sol_malformed_88" time="0.207" /><testcase classname="tests.test_iteration_4" name="test_verify_sol_historic_buyback" time="0.453" /><testcase classname="tests.test_iteration_4" name="test_withdrawals_auth" time="0.169" /><testcase classname="tests.test_iteration_4" name="test_withdrawal_garbage" time="0.071" /><testcase classname="tests.test_iteration_4" name="test_withdrawal_malformed" time="0.208" /><testcase classname="tests.test_iteration_4" name="test_withdrawal_historic_buyback" time="0.398" /><testcase classname="tests.test_iteration_4" name="test_withdrawals_list" time="0.068" /><testcase classname="tests.test_iteration_4" name="test_live_status" time="0.072" /><testcase classname="tests.test_iteration_4" name="test_flywheel_config_mode_ignored" time="0.069" /><testcase classname="tests.test_iteration_4" name="test_flywheel_config_update" time="0.141" /><testcase classname="tests.test_iteration_4" name="test_flywheel_inject_below_min" time="0.068" /><testcase classname="tests.test_iteration_4" name="test_live_confirm_bad" time="0.070" /><testcase classname="tests.test_iteration_4" name="test_cycle_run" time="0.939" /><testcase classname="tests.test_iteration_4" name="test_client_patch_unauth" time="0.166" /><testcase classname="tests.test_iteration_4" name="test_client_patch_notfound" time="0.071" /></testsuite></testsuites>