<?xml version="1.0" encoding="utf-8"?><testsuites name="pytest tests"><testsuite name="pytest" errors="0" failures="0" skipped="0" tests="11" time="30.976" timestamp="2026-09-10T06:01:03.663853+00:00" hostname="agent-env-c799b1db-d30d-4e64-a723-9b506a353d6a"><testcase classname="tests.test_iteration_3.TestLiveStatusPublic" name="test_status_shape" time="1.483" /><testcase classname="tests.test_iteration_3.TestLiveQuote" name="test_valid_quote" time="0.230" /><testcase classname="tests.test_iteration_3.TestLiveQuote" name="test_quote_zero_amount" time="0.111" /><testcase classname="tests.test_iteration_3.TestAuthGuards" name="test_build_requires_auth" time="0.113" /><testcase classname="tests.test_iteration_3.TestAuthGuards" name="test_confirm_requires_auth" time="0.112" /><testcase classname="tests.test_iteration_3.TestAuthGuards" name="test_dismiss_requires_auth" time="0.126" /><testcase classname="tests.test_iteration_3.TestAuthGuards" name="test_config_mode_requires_auth" time="0.158" /><testcase classname="tests.test_iteration_3.TestAuthGuards" name="test_config_invalid_mode" time="1.148" /><testcase classname="tests.test_iteration_3.TestLiveModeFlow" name="test_full_flow" time="26.486" /><testcase classname="tests.test_iteration_3.TestLiveModeFlow" name="test_build_rejected_in_simulated_mode" time="0.342" /><testcase classname="tests.test_iteration_3.TestLedgerCSV" name="test_csv_has_mode_and_tx_signature" time="0.580" /></testsuite></testsuites>