<?xml version="1.0" encoding="utf-8"?><testsuites name="pytest tests"><testsuite name="pytest" errors="0" failures="0" skipped="0" tests="22" time="14.466" timestamp="2026-09-10T04:41:12.706376+00:00" hostname="agent-env-c799b1db-d30d-4e64-a723-9b506a353d6a"><testcase classname="tests.backend_test.TestVault" name="test_vault_shape" time="0.270" /><testcase classname="tests.backend_test.TestMarket" name="test_token_live" time="0.486" /><testcase classname="tests.backend_test.TestVault" name="test_withdrawal_simulated" time="0.263" /><testcase classname="tests.backend_test.TestMarket" name="test_sol_price" time="0.104" /><testcase classname="tests.backend_test.TestVault" name="test_withdrawal_over_available" time="0.182" /><testcase classname="tests.backend_test.TestMarket" name="test_wallet" time="1.786" /><testcase classname="tests.backend_test.TestVault" name="test_withdrawal_attest_no_sig" time="0.077" /><testcase classname="tests.backend_test.TestVault" name="test_withdrawal_attest_real_sig" time="0.627" /><testcase classname="tests.backend_test.TestPayments" name="test_payment_fork_maintain_promo" time="0.077" /><testcase classname="tests.backend_test.TestPayments" name="test_custom_below_min" time="0.070" /><testcase classname="tests.backend_test.TestPayments" name="test_unknown_package" time="0.079" /><testcase classname="tests.backend_test.TestFlywheelConfig" name="test_inject_after_ff_may_delay" time="0.074" /><testcase classname="tests.backend_test.TestFlywheelConfig" name="test_get_put_config" time="0.330" /><testcase classname="tests.backend_test.TestLeadsApprovals" name="test_create_and_move_lead" time="0.221" /><testcase classname="tests.backend_test.TestLeadsApprovals" name="test_approve_pending" time="0.230" /><testcase classname="tests.backend_test.TestMarket" name="test_meta" time="0.061" /><testcase classname="tests.backend_test.TestMarket" name="test_auto_cycle_toggle" time="1.759" /><testcase classname="tests.backend_test.TestAgentDemo" name="test_agent_reply" time="7.029" /><testcase classname="tests.backend_test.TestFlywheelStatus" name="test_status_shape" time="0.172" /><testcase classname="tests.backend_test.TestCycle" name="test_run_cycle" time="0.203" /><testcase classname="tests.backend_test.TestAgentDemo" name="test_agent_stream" time="4.007" /><testcase classname="tests.backend_test.TestFlywheelFF" name="test_fast_forward_and_ledger" time="0.339" /></testsuite></testsuites>